ERROR: 400: Insufficient stock for Soap. Missing: 2
Traceback (most recent call last):
  File "C:\Users\Satwik\Downloads\git\Aipoweredinventorysystem\Backend\ai.py", line 180, in handle_ai_command
    return daily_sale(sale_request)
  File "C:\Users\Satwik\Downloads\git\Aipoweredinventorysystem\Backend\sales_and_events.py", line 121, in daily_sale
    return daily_sale_logic(session, sale_data)
  File "C:\Users\Satwik\Downloads\git\Aipoweredinventorysystem\Backend\sales_and_events.py", line 68, in daily_sale_logic
    raise HTTPException(
fastapi.exceptions.HTTPException: 400: Insufficient stock for Soap. Missing: 2

--------------------
ERROR: 400: Insufficient stock for Soap. Missing: 2
Traceback (most recent call last):
  File "C:\Users\Satwik\Downloads\git\Aipoweredinventorysystem\Backend\ai.py", line 180, in handle_ai_command
    return daily_sale(sale_request)
  File "C:\Users\Satwik\Downloads\git\Aipoweredinventorysystem\Backend\sales_and_events.py", line 121, in daily_sale
    return daily_sale_logic(session, sale_data)
  File "C:\Users\Satwik\Downloads\git\Aipoweredinventorysystem\Backend\sales_and_events.py", line 68, in daily_sale_logic
    raise HTTPException(
fastapi.exceptions.HTTPException: 400: Insufficient stock for Soap. Missing: 2

--------------------
